$ next dev
 ⚠ Warning: Next.js inferred your workspace root, but it may not be correct.
 We detected multiple lockfiles and selected the directory of /home/skyboy/dev/bun.lock as the root directory.
 To silence this warning, set `turbopack.root` in your Next.js config, or consider removing one of the lockfiles if it's not needed.
   See https://nextjs.org/docs/app/api-reference/config/next-config-js/turbopack#root-directory for more information.
 Detected additional lockfiles: 
   * /home/skyboy/dev/salahe/bun.lock

   ▲ Next.js 16.0.7 (Turbopack)
   - Local:         http://localhost:3000
   - Network:       http://10.165.251.110:3000
   - Environments: .env.local

 ✓ Starting...
 ✓ Ready in 1225ms
 ○ Compiling / ...
 {
  message: 'TypeError: fetch failed',
  details: 'TypeError: fetch failed\n' +
    '\n' +
    'Caused by: Error: getaddrinfo ENOTFOUND your-supabase-url.supabase.co (ENOTFOUND)\n' +
    'Error: getaddrinfo ENOTFOUND your-supabase-url.supabase.co\n' +
    '    at GetAddrInfoReqWrap.onlookupall [as oncomplete] (node:dns:121:26)\n' +
    '    at GetAddrInfoReqWrap.callbackTrampoline (node:internal/async_hooks:130:17)',
  hint: '',
  code: ''
}
 GET / 200 in 10.8s (compile: 10.5s, render: 363ms)
xkbcommon: ERROR: [XKB-679] No Compose file for locale "en_IN.ISO8859-1": locale is either invalid or not installed
xkbcommon: ERROR: [XKB-679] couldn't find a Compose file for locale "en_IN" (mapped to "en_IN.ISO8859-1")
/usr/share/scrcpy/scrcpy-server: 1 file pushed, 0 skipped. 33.7 MB/s (90164 bytes in 0.003s)
[server] INFO: Device: [vivo] vivo V2408 (Android 14)
scrcpy 3.3.3 <https://github.com/Genymobile/scrcpy>
INFO: ADB device found:
INFO:     -->   (usb)  10BEAJ0U4Q0010U                 device  V2408
INFO: Renderer: opengl
INFO: OpenGL version: 4.6 (Compatibility Profile) Mesa 25.2.7-arch1.1
INFO: Trilinear filtering enabled
INFO: Texture: 720x1608
 {
  message: 'TypeError: fetch failed',
  details: 'TypeError: fetch failed\n' +
    '\n' +
    'Caused by: Error: getaddrinfo ENOTFOUND your-supabase-url.supabase.co (ENOTFOUND)\n' +
    'Error: getaddrinfo ENOTFOUND your-supabase-url.supabase.co\n' +
    '    at GetAddrInfoReqWrap.onlookupall [as oncomplete] (node:dns:121:26)\n' +
    '    at GetAddrInfoReqWrap.callbackTrampoline (node:internal/async_hooks:130:17)',
  hint: '',
  code: ''
}
 GET / 200 in 119ms (compile: 11ms, render: 108ms)
 GET / 200 in 750ms (compile: 512ms, render: 239ms)
 ✓ Compiled in 131ms
 {
  message: 'TypeError: fetch failed',
  details: 'TypeError: fetch failed\n' +
    '\n' +
    'Caused by: Error: getaddrinfo ENOTFOUND your-supabase-url.supabase.co (ENOTFOUND)\n' +
    'Error: getaddrinfo ENOTFOUND your-supabase-url.supabase.co\n' +
    '    at GetAddrInfoReqWrap.onlookupall [as oncomplete] (node:dns:121:26)\n' +
    '    at GetAddrInfoReqWrap.callbackTrampoline (node:internal/async_hooks:130:17)',
  hint: '',
  code: ''
}
Invalid hook call. Hooks can only be called inside of the body of a function component. This could happen for one of the following reasons:
1. You might have mismatching versions of React and the renderer (such as React DOM)
2. You might be breaking the Rules of Hooks
3. You might have more than one copy of React in the same app
See https://react.dev/link/invalid-hook-call for tips about how to debug and fix this problem.
 ⨯ TypeError: Cannot read properties of null (reading 'useRef')
    at Home (src/app/page.tsx:18:27)
  16 |     console.log(file);
  17 |   }
> 18 |   const fileInput = useRef()
     |                           ^
  19 |   return (
  20 |     <div className="flex flex-col min-h-screen items-center justify-center bg-zinc-50 font-sans dark:bg-black">
  21 |       <NavbarMain className="fixed top-0" /> {
  digest: '3333771270'
}
 {
  message: 'TypeError: fetch failed',
  details: 'TypeError: fetch failed\n' +
    '\n' +
    'Caused by: Error: getaddrinfo ENOTFOUND your-supabase-url.supabase.co (ENOTFOUND)\n' +
    'Error: getaddrinfo ENOTFOUND your-supabase-url.supabase.co\n' +
    '    at GetAddrInfoReqWrap.onlookupall [as oncomplete] (node:dns:121:26)\n' +
    '    at GetAddrInfoReqWrap.callbackTrampoline (node:internal/async_hooks:130:17)',
  hint: '',
  code: ''
}
Invalid hook call. Hooks can only be called inside of the body of a function component. This could happen for one of the following reasons:
1. You might have mismatching versions of React and the renderer (such as React DOM)
2. You might be breaking the Rules of Hooks
3. You might have more than one copy of React in the same app
See https://react.dev/link/invalid-hook-call for tips about how to debug and fix this problem.
 GET / 500 in 766ms (compile: 11ms, render: 756ms)
 ✓ Compiled in 400ms
 {
  message: 'TypeError: fetch failed',
  details: 'TypeError: fetch failed\n' +
    '\n' +
    'Caused by: Error: getaddrinfo ENOTFOUND your-supabase-url.supabase.co (ENOTFOUND)\n' +
    'Error: getaddrinfo ENOTFOUND your-supabase-url.supabase.co\n' +
    '    at GetAddrInfoReqWrap.onlookupall [as oncomplete] (node:dns:121:26)\n' +
    '    at GetAddrInfoReqWrap.callbackTrampoline (node:internal/async_hooks:130:17)',
  hint: '',
  code: ''
}
 GET / 200 in 561ms (compile: 249ms, render: 312ms)
error: script "dev" was terminated by signal SIGHUP (Terminal hung up)
$ next dev
 ⚠ Warning: Next.js inferred your workspace root, but it may not be correct.
 We detected multiple lockfiles and selected the directory of /home/skyboy/dev/bun.lock as the root directory.
 To silence this warning, set `turbopack.root` in your Next.js config, or consider removing one of the lockfiles if it's not needed.
   See https://nextjs.org/docs/app/api-reference/config/next-config-js/turbopack#root-directory for more information.
 Detected additional lockfiles: 
   * /home/skyboy/dev/salahe/bun.lock

   ▲ Next.js 16.0.7 (Turbopack)
   - Local:         http://localhost:3000
   - Network:       http://10.165.251.117:3000
   - Environments: .env.local

 ✓ Starting...
 ✓ Ready in 841ms
 ○ Compiling / ...
 {
  message: 'TypeError: fetch failed',
  details: 'TypeError: fetch failed\n' +
    '\n' +
    'Caused by: Error: getaddrinfo ENOTFOUND your-supabase-url.supabase.co (ENOTFOUND)\n' +
    'Error: getaddrinfo ENOTFOUND your-supabase-url.supabase.co\n' +
    '    at GetAddrInfoReqWrap.onlookupall [as oncomplete] (node:dns:121:26)\n' +
    '    at GetAddrInfoReqWrap.callbackTrampoline (node:internal/async_hooks:130:17)',
  hint: '',
  code: ''
}
 GET / 200 in 6.4s (compile: 6.1s, render: 282ms)
error: script "dev" was terminated by signal SIGHUP (Terminal hung up)
 ⚠ Warning: Next.js inferred your workspace root, but it may not be correct.
 We detected multiple lockfiles and selected the directory of /home/skyboy/dev/bun.lock as the root directory.
 To silence this warning, set `turbopack.root` in your Next.js config, or consider removing one of the lockfiles if it's not needed.
   See https://nextjs.org/docs/app/api-reference/config/next-config-js/turbopack#root-directory for more information.
 Detected additional lockfiles: 
   * /home/skyboy/dev/salahe/bun.lock

   ▲ Next.js 16.0.10 (Turbopack)
   - Local:         http://localhost:3000
   - Network:       http://10.124.32.246:3000
   - Environments: .env.local

 ✓ Starting...
 ✓ Ready in 1935ms
error: Failed to run "next" due to signal SIGHUP
$ next dev
 ⚠ Warning: Next.js inferred your workspace root, but it may not be correct.
 We detected multiple lockfiles and selected the directory of /home/skyboy/dev/bun.lock as the root directory.
 To silence this warning, set `turbopack.root` in your Next.js config, or consider removing one of the lockfiles if it's not needed.
   See https://nextjs.org/docs/app/api-reference/config/next-config-js/turbopack#root-directory for more information.
 Detected additional lockfiles: 
   * /home/skyboy/dev/salahe/bun.lock

   ▲ Next.js 16.0.10 (Turbopack)
   - Local:         http://localhost:3000
   - Network:       http://10.209.212.185:3000
   - Environments: .env.local

 ✓ Starting...
 ✓ Ready in 2.2s
 ○ Compiling / ...
 GET / 200 in 2.4s (compile: 1307ms, render: 1139ms)
error: script "dev" was terminated by signal SIGHUP (Terminal hung up)
$ next dev
 ⚠ Warning: Next.js inferred your workspace root, but it may not be correct.
 We detected multiple lockfiles and selected the directory of /home/skyboy/dev/bun.lock as the root directory.
 To silence this warning, set `turbopack.root` in your Next.js config, or consider removing one of the lockfiles if it's not needed.
   See https://nextjs.org/docs/app/api-reference/config/next-config-js/turbopack#root-directory for more information.
 Detected additional lockfiles: 
   * /home/skyboy/dev/salahe/bun.lock

   ▲ Next.js 16.0.10 (Turbopack)
   - Local:         http://localhost:3000
   - Network:       http://10.209.212.94:3000
   - Environments: .env.local

 ✓ Starting...
 ✓ Ready in 2.2s
 ○ Compiling / ...
 GET / 200 in 11.7s (compile: 10.9s, render: 741ms)
 ✓ Compiled in 215ms
 ✓ Compiled in 131ms
 ✓ Compiled in 120ms
 ✓ Compiled in 153ms
 ✓ Compiled in 118ms
 ✓ Compiled in 168ms
 ✓ Compiled in 226ms
 ✓ Compiled in 185ms
error: script "dev" was terminated by signal SIGHUP (Terminal hung up)
$ next dev
 ⚠ Warning: Next.js inferred your workspace root, but it may not be correct.
 We detected multiple lockfiles and selected the directory of /home/skyboy/dev/bun.lock as the root directory.
 To silence this warning, set `turbopack.root` in your Next.js config, or consider removing one of the lockfiles if it's not needed.
   See https://nextjs.org/docs/app/api-reference/config/next-config-js/turbopack#root-directory for more information.
 Detected additional lockfiles: 
   * /home/skyboy/dev/salahe/bun.lock

   ▲ Next.js 16.0.10 (Turbopack)
   - Local:         http://localhost:3000
   - Network:       http://10.209.212.110:3000
   - Environments: .env.local

 ✓ Starting...
 ✓ Ready in 2.1s
 ○ Compiling / ...
 GET / 200 in 12.0s (compile: 11.5s, render: 482ms)
 ✓ Compiled in 282ms
 ✓ Compiled in 122ms
 ✓ Compiled in 119ms
 ✓ Compiled in 514ms
 GET / 200 in 302ms (compile: 152ms, render: 149ms)
 ✓ Compiled in 715ms
 ✓ Compiled in 126ms
 ✓ Compiled in 399ms
 GET / 200 in 344ms (compile: 171ms, render: 173ms)
 ✓ Compiled in 520ms
 ✓ Compiled in 638ms
 GET / 200 in 554ms (compile: 281ms, render: 272ms)
 ✓ Compiled in 513ms
 ✓ Compiled in 584ms
 ✓ Compiled in 617ms
 ✓ Compiled in 511ms
 ✓ Compiled in 712ms
 ✓ Compiled in 562ms
 ✓ Compiled in 477ms
 ✓ Compiled in 431ms
 ✓ Compiled in 382ms
 ✓ Compiled in 362ms
 ✓ Compiled in 535ms
 GET / 200 in 563ms (compile: 310ms, render: 253ms)
 ✓ Compiled in 537ms
 ✓ Compiled in 690ms
 ✓ Compiled in 513ms
$ next dev
 ⚠ Warning: Next.js inferred your workspace root, but it may not be correct.
 We detected multiple lockfiles and selected the directory of /home/skyboy/dev/bun.lock as the root directory.
 To silence this warning, set `turbopack.root` in your Next.js config, or consider removing one of the lockfiles if it's not needed.
   See https://nextjs.org/docs/app/api-reference/config/next-config-js/turbopack#root-directory for more information.
 Detected additional lockfiles: 
   * /home/skyboy/dev/salahe/package-lock.json

   ▲ Next.js 16.0.10 (Turbopack)
   - Local:         http://localhost:3000
   - Network:       http://10.209.212.191:3000
   - Environments: .env.local

 ✓ Starting...
 ✓ Ready in 706ms
 ○ Compiling / ...
 GET / 200 in 7.7s (compile: 7.2s, render: 511ms)
 GET / 200 in 72ms (compile: 12ms, render: 60ms)
 ✓ Compiled in 121ms
 ✓ Compiled in 99ms
 GET / 200 in 132ms (compile: 41ms, render: 91ms)
 GET / 200 in 43ms (compile: 21ms, render: 22ms)
 ✓ Compiled in 113ms
 ✓ Compiled in 202ms
 ⚠ Fast Refresh had to perform a full reload due to a runtime error.
 ✓ Compiled in 103ms
 GET / 200 in 300ms (compile: 60ms, render: 241ms)
 ✓ Compiled in 164ms
 ⚠ Fast Refresh had to perform a full reload due to a runtime error.
 ✓ Compiled in 228ms
 ⨯ ReferenceError: ArrowRight is not defined
    at HeroSectionOne (src/components/hero-section-demo-1.tsx:106:18)
  104 |       </motion.div>
  105 |       <Button asChild><Link href="/explore">
> 106 |         Explore <ArrowRight />
      |                  ^
  107 |       </Link></Button>
  108 |       <motion.div
  109 |         initial={{ {
  digest: '931286998'
}
 GET / 500 in 352ms (compile: 46ms, render: 306ms)
 ⚠ Fast Refresh had to perform a full reload due to a runtime error.
 ✓ Compiled in 193ms
 GET / 200 in 245ms (compile: 62ms, render: 184ms)
 ✓ Compiled in 159ms
 ✓ Compiled in 311ms
 ✓ Compiled in 155ms
 ✓ Compiled in 139ms
 ✓ Compiled in 146ms
 ✓ Compiled in 151ms
 ✓ Compiled in 69ms
 ✓ Compiled in 204ms
 ✓ Compiled in 122ms
 ✓ Compiled in 140ms
 ✓ Compiled in 147ms
 ✓ Compiled in 195ms
 ✓ Compiled in 92ms
 GET / 200 in 238ms (compile: 168ms, render: 69ms)
 ✓ Compiled in 126ms
 ✓ Compiled in 187ms
 ✓ Compiled in 116ms
 ✓ Compiled in 107ms
 ✓ Compiled in 234ms
 GET / 200 in 197ms (compile: 37ms, render: 160ms)
 ✓ Compiled in 228ms
 ✓ Compiled in 147ms
 ✓ Compiled in 132ms
 ✓ Compiled in 137ms
 ✓ Compiled in 151ms
 ✓ Compiled in 102ms
 ✓ Compiled in 68ms
 ✓ Compiled in 113ms
 ✓ Compiled in 142ms
 ✓ Compiled in 78ms
 ✓ Compiled in 108ms
 ✓ Compiled in 174ms
 ✓ Compiled in 119ms
 ✓ Compiled in 125ms
 ✓ Compiled in 154ms
 ✓ Compiled in 66ms
 ✓ Compiled in 132ms
 ✓ Compiled in 91ms
 ✓ Compiled in 185ms
 GET / 200 in 259ms (compile: 44ms, render: 214ms)
 ✓ Compiled in 165ms
 ✓ Compiled in 281ms
 ✓ Compiled in 106ms
 GET / 200 in 268ms (compile: 76ms, render: 193ms)
 ✓ Compiled in 69ms
 ✓ Compiled in 43ms
 GET / 200 in 158ms (compile: 77ms, render: 81ms)
 ✓ Compiled in 50ms
 ✓ Compiled in 44ms
 ✓ Compiled in 43ms
 ✓ Compiled in 53ms
 ⚠ Fast Refresh had to perform a full reload due to a runtime error.
 ✓ Compiled in 68ms
 GET / 200 in 263ms (compile: 71ms, render: 192ms)
 GET / 404 in 648ms (compile: 596ms, render: 51ms)
 GET / 200 in 110ms (compile: 70ms, render: 40ms)
 GET / 200 in 123ms (compile: 63ms, render: 60ms)
 GET / 200 in 50ms (compile: 34ms, render: 17ms)
 GET / 200 in 45ms (compile: 29ms, render: 17ms)
 GET / 200 in 30ms (compile: 2ms, render: 28ms)
 GET / 200 in 29ms (compile: 3ms, render: 26ms)
 GET / 200 in 30ms (compile: 2ms, render: 28ms)
 GET / 200 in 57ms (compile: 37ms, render: 20ms)
 GET / 200 in 50ms (compile: 31ms, render: 19ms)
 GET / 200 in 40ms (compile: 21ms, render: 19ms)
 GET / 200 in 41ms (compile: 20ms, render: 21ms)
 GET / 200 in 131ms (compile: 62ms, render: 69ms)
 GET / 200 in 67ms (compile: 37ms, render: 31ms)
 GET / 200 in 67ms (compile: 49ms, render: 18ms)
 GET / 200 in 55ms (compile: 39ms, render: 16ms)
 GET / 200 in 123ms (compile: 30ms, render: 93ms)
 GET / 404 in 283ms (compile: 132ms, render: 151ms)
 GET / 200 in 307ms (compile: 227ms, render: 80ms)
 GET / 200 in 107ms (compile: 33ms, render: 74ms)
 GET / 200 in 46ms (compile: 30ms, render: 16ms)
 GET / 200 in 59ms (compile: 41ms, render: 18ms)
 GET / 200 in 56ms (compile: 44ms, render: 12ms)
 GET / 200 in 62ms (compile: 46ms, render: 16ms)
 GET / 200 in 26ms (compile: 1899µs, render: 24ms)
 GET / 200 in 16ms (compile: 1893µs, render: 14ms)
 GET / 200 in 54ms (compile: 39ms, render: 15ms)
 GET / 200 in 37ms (compile: 20ms, render: 17ms)
 GET / 200 in 37ms (compile: 17ms, render: 20ms)
 GET / 200 in 49ms (compile: 25ms, render: 24ms)
 GET / 200 in 43ms (compile: 26ms, render: 17ms)
 GET / 200 in 40ms (compile: 23ms, render: 17ms)
 GET / 200 in 44ms (compile: 28ms, render: 15ms)
 ⨯ ReferenceError: ArrowRight is not defined
    at Home (src/app/page.tsx:15:42)
  13 |       <Input type="file" className="hidden" ref={fileInput} onChange={handleFile} />
  14 |       */}
> 15 |       <div className=""><Button>Explore <ArrowRight /> </Button></div>
     |                                          ^
  16 |     </div>
  17 |   );
  18 | } {
  digest: '3019233202'
}
 GET / 500 in 156ms (compile: 44ms, render: 112ms)
 ✓ Compiled in 180ms
 ⚠ Fast Refresh had to perform a full reload due to a runtime error.
 GET / 200 in 181ms (compile: 42ms, render: 139ms)
 GET / 200 in 118ms (compile: 65ms, render: 53ms)
 GET / 200 in 54ms (compile: 29ms, render: 26ms)
 ✓ Compiled in 56ms
 ✓ Compiled in 73ms
 ✓ Compiled in 55ms
 ✓ Compiled in 55ms
 ✓ Compiled in 47ms
 ✓ Compiled in 63ms
 ✓ Compiled in 102ms
 ✓ Compiled in 44ms
 ✓ Compiled in 56ms
 ✓ Compiled in 34ms
 GET / 200 in 81ms (compile: 47ms, render: 34ms)
 GET / 404 in 283ms (compile: 124ms, render: 158ms)
 GET / 200 in 110ms (compile: 73ms, render: 36ms)
 GET / 200 in 44ms (compile: 30ms, render: 14ms)
 GET / 200 in 19ms (compile: 1469µs, render: 17ms)
 GET / 200 in 17ms (compile: 3ms, render: 14ms)
 GET / 200 in 49ms (compile: 33ms, render: 16ms)
 GET / 200 in 39ms (compile: 25ms, render: 14ms)
 GET / 200 in 54ms (compile: 32ms, render: 22ms)
 GET / 200 in 36ms (compile: 23ms, render: 13ms)
 GET / 200 in 36ms (compile: 22ms, render: 14ms)
 GET / 200 in 45ms (compile: 28ms, render: 17ms)
 GET / 200 in 36ms (compile: 23ms, render: 13ms)
 GET / 200 in 40ms (compile: 24ms, render: 16ms)
 GET / 200 in 35ms (compile: 20ms, render: 14ms)
 GET / 200 in 30ms (compile: 3ms, render: 27ms)
 GET / 200 in 31ms (compile: 9ms, render: 23ms)
 GET / 200 in 37ms (compile: 23ms, render: 14ms)
 GET / 200 in 122ms (compile: 20ms, render: 101ms)
 ✓ Compiled in 61ms
 ✓ Compiled in 42ms
 ✓ Compiled in 56ms
 ✓ Compiled in 60ms
 ✓ Compiled in 43ms
 ✓ Compiled in 68ms
 ✓ Compiled in 48ms
 ✓ Compiled in 36ms
 ✓ Compiled in 33ms
 ✓ Compiled in 57ms
 ✓ Compiled in 38ms
 ✓ Compiled in 57ms
 ✓ Compiled in 143ms
 ✓ Compiled in 160ms
 ✓ Compiled in 142ms
 ✓ Compiled in 117ms
 ✓ Compiled in 35ms
 ✓ Compiled in 86ms
 GET / 404 in 195ms (compile: 113ms, render: 82ms)
 GET / 200 in 150ms (compile: 97ms, render: 54ms)
 GET / 200 in 150ms (compile: 46ms, render: 103ms)
 GET / 200 in 36ms (compile: 26ms, render: 10ms)
 GET / 200 in 51ms (compile: 33ms, render: 17ms)
 GET / 200 in 43ms (compile: 30ms, render: 13ms)
 GET / 200 in 23ms (compile: 1617µs, render: 21ms)
 GET / 200 in 24ms (compile: 7ms, render: 17ms)
 GET / 200 in 37ms (compile: 26ms, render: 11ms)
 GET / 200 in 40ms (compile: 29ms, render: 11ms)
 GET / 200 in 38ms (compile: 23ms, render: 15ms)
 GET / 200 in 18ms (compile: 1937µs, render: 16ms)
 GET / 200 in 32ms (compile: 15ms, render: 18ms)
 GET / 200 in 35ms (compile: 25ms, render: 10ms)
 GET / 200 in 45ms (compile: 31ms, render: 14ms)
 GET / 200 in 16ms (compile: 1675µs, render: 14ms)
 GET / 200 in 105ms (compile: 3ms, render: 102ms)
 ✓ Compiled in 106ms
 GET / 404 in 156ms (compile: 102ms, render: 53ms)
 ✓ Compiled in 424ms
 GET / 200 in 289ms (compile: 237ms, render: 52ms)
 GET / 200 in 64ms (compile: 43ms, render: 21ms)
 GET / 200 in 33ms (compile: 8ms, render: 26ms)
 GET / 200 in 47ms (compile: 33ms, render: 14ms)
 GET / 200 in 16ms (compile: 1550µs, render: 15ms)
 GET / 200 in 33ms (compile: 17ms, render: 16ms)
 GET / 200 in 48ms (compile: 31ms, render: 17ms)
 GET / 200 in 18ms (compile: 1479µs, render: 16ms)
 GET / 200 in 23ms (compile: 4ms, render: 19ms)
 GET / 200 in 53ms (compile: 37ms, render: 15ms)
 GET / 200 in 40ms (compile: 28ms, render: 11ms)
 GET / 200 in 21ms (compile: 1789µs, render: 19ms)
 GET / 200 in 21ms (compile: 3ms, render: 18ms)
 GET / 200 in 50ms (compile: 37ms, render: 13ms)
 GET / 200 in 34ms (compile: 19ms, render: 15ms)
 GET / 200 in 123ms (compile: 16ms, render: 107ms)
 ✓ Compiled in 60ms
 ✓ Compiled in 144ms
 ✓ Compiled in 57ms
 ✓ Compiled in 110ms
 ✓ Compiled in 73ms
 ✓ Compiled in 73ms
 ✓ Compiled in 61ms
 GET / 200 in 170ms (compile: 43ms, render: 126ms)
 ✓ Compiled in 61ms
 ✓ Compiled in 123ms
 ✓ Compiled in 57ms
 ✓ Compiled in 55ms
 ✓ Compiled in 144ms
 ✓ Compiled in 54ms
 ✓ Compiled in 47ms
 ✓ Compiled in 53ms
 ✓ Compiled in 42ms
 ✓ Compiled in 43ms
 ✓ Compiled in 91ms
 ✓ Compiled in 32ms
 ✓ Compiled in 43ms
 ✓ Compiled in 90ms
 ✓ Compiled in 72ms
 ✓ Compiled in 55ms
 ✓ Compiled in 40ms
 ✓ Compiled in 82ms
 ✓ Compiled in 48ms
 ✓ Compiled in 167ms
 ✓ Compiled in 118ms
 ✓ Compiled in 124ms
 ✓ Compiled in 65ms
 ✓ Compiled in 160ms
 ✓ Compiled in 99ms
 ✓ Compiled in 119ms
 ✓ Compiled in 169ms
 ✓ Compiled in 74ms
 ✓ Compiled in 103ms
 ✓ Compiled in 107ms
 ✓ Compiled in 58ms
 ✓ Compiled in 79ms
 ✓ Compiled in 59ms
 ✓ Compiled in 139ms
 GET / 200 in 343ms (compile: 61ms, render: 282ms)
 ✓ Compiled in 112ms
 ✓ Compiled in 130ms
 ✓ Compiled in 49ms
 ✓ Compiled in 42ms
 ✓ Compiled in 31ms
 ✓ Compiled in 33ms
 ✓ Compiled in 272ms
 GET / 200 in 197ms (compile: 106ms, render: 91ms)
 ⚠ Fast Refresh had to perform a full reload due to a runtime error.
 ✓ Compiled in 158ms
 GET / 200 in 435ms (compile: 56ms, render: 379ms)
 ✓ Compiled in 57ms
 ⨯ ./salahe/src/app/page.tsx:18:26
Parsing ecmascript source code failed
[0m [90m 16 |[39m       [36mconst[39m { data[33m,[39m error } [33m=[39m [36mawait[39m supabase[33m.[39m[36mfrom[39m([32m"houses"[39m)[33m.[39mselect([32m"*"[39m)[33m;[39m
 [90m 17 |[39m       [36mif[39m (error) console[33m.[39merror(error)[33m;[39m
[31m[1m>[22m[39m[90m 18 |[39m       [36melse[39m setHouses(data[33m:[39m [33m,[39m any)[33m;[39m
 [90m    |[39m                          [31m[1m^[22m[39m
 [90m 19 |[39m       setLoading([36mfalse[39m)[33m;[39m
 [90m 20 |[39m     }[33m;[39m
 [90m 21 |[39m[0m

Expected ',', got ':'

Import traces:
  Client Component Browser:
    ./salahe/src/app/page.tsx [Client Component Browser]
    ./salahe/src/app/page.tsx [Server Component]

  Client Component SSR:
    ./salahe/src/app/page.tsx [Client Component SSR]
    ./salahe/src/app/page.tsx [Server Component]


 ✓ Compiled in 134ms
 GET / 500 in 1870ms (compile: 1677ms, render: 193ms)
 ⨯ ./salahe/src/app/page.tsx:18:26
Parsing ecmascript source code failed
[0m [90m 16 |[39m       [36mconst[39m { data[33m,[39m error } [33m=[39m [36mawait[39m supabase[33m.[39m[36mfrom[39m([32m"houses"[39m)[33m.[39mselect([32m"*"[39m)[33m;[39m
 [90m 17 |[39m       [36mif[39m (error) console[33m.[39merror(error)[33m;[39m
[31m[1m>[22m[39m[90m 18 |[39m       [36melse[39m setHouses(data[33m:[39m [33m,[39m any)[33m;[39m
 [90m    |[39m                          [31m[1m^[22m[39m
 [90m 19 |[39m       setLoading([36mfalse[39m)[33m;[39m
 [90m 20 |[39m     }[33m;[39m
 [90m 21 |[39m[0m

Expected ',', got ':'

Import traces:
  Client Component Browser:
    ./salahe/src/app/page.tsx [Client Component Browser]
    ./salahe/src/app/page.tsx [Server Component]

  Client Component SSR:
    ./salahe/src/app/page.tsx [Client Component SSR]
    ./salahe/src/app/page.tsx [Server Component]


 GET / 500 in 52ms (compile: 37ms, render: 15ms)
 ⨯ ./salahe/src/app/page.tsx:18:26
Parsing ecmascript source code failed
[0m [90m 16 |[39m       [36mconst[39m { data[33m,[39m error } [33m=[39m [36mawait[39m supabase[33m.[39m[36mfrom[39m([32m"houses"[39m)[33m.[39mselect([32m"*"[39m)[33m;[39m
 [90m 17 |[39m       [36mif[39m (error) console[33m.[39merror(error)[33m;[39m
[31m[1m>[22m[39m[90m 18 |[39m       [36melse[39m setHouses(data[33m:[39m [33m,[39m any)[33m;[39m
 [90m    |[39m                          [31m[1m^[22m[39m
 [90m 19 |[39m       setLoading([36mfalse[39m)[33m;[39m
 [90m 20 |[39m     }[33m;[39m
 [90m 21 |[39m[0m

Expected ',', got ':'

Import traces:
  Client Component Browser:
    ./salahe/src/app/page.tsx [Client Component Browser]
    ./salahe/src/app/page.tsx [Server Component]

  Client Component SSR:
    ./salahe/src/app/page.tsx [Client Component SSR]
    ./salahe/src/app/page.tsx [Server Component]


 GET / 500 in 34ms (compile: 18ms, render: 16ms)
 ⨯ ./salahe/src/app/page.tsx:18:26
Parsing ecmascript source code failed
[0m [90m 16 |[39m       [36mconst[39m { data[33m,[39m error } [33m=[39m [36mawait[39m supabase[33m.[39m[36mfrom[39m([32m"houses"[39m)[33m.[39mselect([32m"*"[39m)[33m;[39m
 [90m 17 |[39m       [36mif[39m (error) console[33m.[39merror(error)[33m;[39m
[31m[1m>[22m[39m[90m 18 |[39m       [36melse[39m setHouses(data[33m:[39m any)[33m;[39m
 [90m    |[39m                          [31m[1m^[22m[39m
 [90m 19 |[39m       setLoading([36mfalse[39m)[33m;[39m
 [90m 20 |[39m     }[33m;[39m
 [90m 21 |[39m[0m

Expected ',', got ':'

Import traces:
  Client Component Browser:
    ./salahe/src/app/page.tsx [Client Component Browser]
    ./salahe/src/app/page.tsx [Server Component]

  Client Component SSR:
    ./salahe/src/app/page.tsx [Client Component SSR]
    ./salahe/src/app/page.tsx [Server Component]


 GET / 500 in 265ms (compile: 258ms, render: 7ms)
 ✓ Compiled in 836ms
 GET / 200 in 196ms (compile: 58ms, render: 138ms)
 ✓ Compiled in 110ms
 ✓ Compiled in 67ms
 GET / 200 in 178ms (compile: 69ms, render: 109ms)
 ✓ Compiled in 84ms
 ✓ Compiled in 169ms
 ✓ Compiled in 66ms
 ⨯ ./salahe/src/app/page.tsx:83:14
Parsing ecmascript source code failed
[0m [90m 81 |[39m
 [90m 82 |[39m     [33m<[39m[33m/[39m[33mdiv[39m[33m>[39m
[31m[1m>[22m[39m[90m 83 |[39m     [33m<[39m[33mFooter[39m [33m/[39m[33m>[39m
 [90m    |[39m              [31m[1m^[22m[39m
 [90m 84 |[39m   )[33m;[39m
 [90m 85 |[39m }
 [90m 86 |[39m[0m

Expression expected

Import traces:
  Client Component Browser:
    ./salahe/src/app/page.tsx [Client Component Browser]
    ./salahe/src/app/page.tsx [Server Component]

  Client Component SSR:
    ./salahe/src/app/page.tsx [Client Component SSR]
    ./salahe/src/app/page.tsx [Server Component]


 GET / 500 in 39ms (compile: 19ms, render: 21ms)
 ✓ Compiled in 933ms
 GET / 200 in 352ms (compile: 123ms, render: 229ms)
 ✓ Compiled in 137ms
 ✓ Compiled in 82ms
 GET / 200 in 202ms (compile: 55ms, render: 148ms)
 GET / 200 in 149ms (compile: 83ms, render: 66ms)
 GET / 200 in 250ms (compile: 118ms, render: 132ms)
 ✓ Compiled in 230ms
 ✓ Compiled in 77ms
 ✓ Compiled in 102ms
 ✓ Compiled in 102ms
 ✓ Compiled in 168ms
 ✓ Compiled in 128ms
 ✓ Compiled in 452ms
 GET / 200 in 391ms (compile: 350ms, render: 41ms)
 GET / 200 in 69ms (compile: 53ms, render: 16ms)
 GET / 200 in 48ms (compile: 32ms, render: 16ms)
 ✓ Compiled in 91ms
 ✓ Compiled in 71ms
 GET / 200 in 257ms (compile: 97ms, render: 160ms)
 GET / 200 in 82ms (compile: 33ms, render: 50ms)
 GET / 200 in 65ms (compile: 19ms, render: 46ms)
 GET / 200 in 38ms (compile: 3ms, render: 35ms)
 GET / 200 in 43ms (compile: 6ms, render: 36ms)
 GET / 200 in 77ms (compile: 28ms, render: 49ms)
 GET / 200 in 77ms (compile: 27ms, render: 50ms)
 GET / 200 in 87ms (compile: 34ms, render: 53ms)
 GET / 200 in 102ms (compile: 45ms, render: 57ms)
 GET / 200 in 118ms (compile: 40ms, render: 77ms)
error: script "dev" was terminated by signal SIGHUP (Terminal hung up)
